<?xml version="1.0" encoding="UTF-8"?>
<!-- Generated by org.testng.reporters.JUnitXMLReporter -->
<testsuite hostname="EPBYMINW2705" ignored="0" name="scenario1" tests="3" failures="0" timestamp="25 Jul 2017 09:54:58 GMT" time="3.267" errors="0">
  <testcase name="scenario2" time="0.166" classname="test.java.TstMultithreadServer"/>
  <testcase name="scenario1" time="0.348" classname="test.java.TstMultithreadServer"/>
  <testcase name="scenario3" time="1.15" classname="test.java.TstMultithreadServer"/>
</testsuite> <!-- scenario1 -->
