<?xml version="1.0" encoding="UTF-8"?>
<!-- Generated by org.testng.reporters.JUnitXMLReporter -->
<testsuite hostname="EPBYMINW2705" ignored="0" name="AutoQALibrary" tests="32" failures="0" timestamp="17 Jul 2017 10:22:28 GMT" time="5.572" errors="0">
  <testcase name="userExistButIncorrectLogin" time="0.117" classname="test.java.TstSignIn"/>
  <testcase name="userExistButIncorrectPassword" time="0.014" classname="test.java.TstSignIn"/>
  <testcase name="userExistCorrectData" time="0.042" classname="test.java.TstSignIn"/>
  <testcase name="userExistEmptyString" time="0.004" classname="test.java.TstSignIn"/>
  <testcase name="userIsNotExist" time="0.017" classname="test.java.TstSignIn"/>
  <testcase name="EmptyLoginNoUserInSystem" time="0.003" classname="test.java.TstSignOut"/>
  <testcase name="EmptyLoginUserInSystem" time="0.003" classname="test.java.TstSignOut"/>
  <testcase name="clearDataUserInSystem" time="0.069" classname="test.java.TstSignOut"/>
  <testcase name="noUserInSystem" time="0.004" classname="test.java.TstSignOut"/>
  <testcase name="userExistButAlreadyOUT" time="0.003" classname="test.java.TstSignOut"/>
  <testcase name="userAlreadySignOut" time="0.039" classname="test.java.TstSignOut"/>
  <testcase name="EmptyLoginNoUserInSystem" time="0.003" classname="test.java.TstRegister"/>
  <testcase name="EmptyPasswordNoUserInSystem" time="0.006" classname="test.java.TstRegister"/>
  <testcase name="corLogCorPassUserIn" time="0.003" classname="test.java.TstRegister"/>
  <testcase name="corLogCorPassUserOut" time="0.047" classname="test.java.TstRegister"/>
  <testcase name="corLogIncorPassUserIn" time="0.007" classname="test.java.TstRegister"/>
  <testcase name="corLogIncorPassUserOut" time="0.003" classname="test.java.TstRegister"/>
  <testcase name="incorLogCorPassUserIn" time="0.008" classname="test.java.TstRegister"/>
  <testcase name="incorLogCorPassUserOut" time="0.003" classname="test.java.TstRegister"/>
  <testcase name="incorLogIncorPassUserIn" time="0.003" classname="test.java.TstRegister"/>
  <testcase name="incorLogIncorPassUserOut" time="0.002" classname="test.java.TstRegister"/>
  <testcase name="suchLoginAlreadyExistNoUserInSystem" time="0.016" classname="test.java.TstRegister"/>
  <testcase name="corLogCorSignInUserInAccessABanExistedUser" time="0.049" classname="test.java.TstBanUser"/>
  <testcase name="corLogCorSignInUserInAccessABanNoExistedUser" time="0.01" classname="test.java.TstBanUser"/>
  <testcase name="corLogCorSignInUserInAccessABanSA" time="0.007" classname="test.java.TstBanUser"/>
  <testcase name="corLogCorSignInUserInAccessSABanExistedUser" time="0.097" classname="test.java.TstBanUser"/>
  <testcase name="corLogCorSignInUserInAccessSABanYourself" time="0.004" classname="test.java.TstBanUser"/>
  <testcase name="corLogCorSignInUserInAccessU" time="0.003" classname="test.java.TstBanUser"/>
  <testcase name="corLogCorSignInUserInAccessUBan" time="0.003" classname="test.java.TstBanUser"/>
  <testcase name="corLogCorSignInUserOut" time="0.003" classname="test.java.TstBanUser"/>
  <testcase name="corLogIncorSignInUserIn" time="0.003" classname="test.java.TstBanUser"/>
  <testcase name="corLogCorSignInUserInAccessABanExistedUserAlreadyBAN" time="0.022" classname="test.java.TstBanUser"/>
</testsuite> <!-- AutoQALibrary -->
